\BOOKMARK [1][-]{Doc-Start}{\376\377\000A\000b\000s\000t\000r\000a\000c\000t}{}% 1
\BOOKMARK [1][-]{Doc-Start}{\376\377\000L\000i\000s\000t\000\040\000o\000f\000\040\000A\000b\000b\000r\000e\000v\000i\000a\000t\000i\000o\000n\000s}{}% 2
\BOOKMARK [1][-]{section.1}{\376\377\000I\000n\000t\000r\000o\000d\000u\000c\000t\000i\000o\000n}{}% 3
\BOOKMARK [2][-]{subsection.1.1}{\376\377\000B\000a\000c\000k\000g\000r\000o\000u\000n\000d\000\040\000a\000n\000d\000\040\000M\000o\000t\000i\000v\000a\000t\000i\000o\000n}{section.1}% 4
\BOOKMARK [2][-]{subsection.1.2}{\376\377\000P\000r\000o\000b\000l\000e\000m\000\040\000S\000t\000a\000t\000e\000m\000e\000n\000t}{section.1}% 5
\BOOKMARK [2][-]{subsection.1.3}{\376\377\000R\000e\000s\000e\000a\000r\000c\000h\000\040\000O\000b\000j\000e\000c\000t\000i\000v\000e\000s}{section.1}% 6
\BOOKMARK [2][-]{subsection.1.4}{\376\377\000K\000e\000y\000\040\000C\000o\000n\000t\000r\000i\000b\000u\000t\000i\000o\000n\000s}{section.1}% 7
\BOOKMARK [2][-]{subsection.1.5}{\376\377\000R\000e\000p\000o\000r\000t\000\040\000O\000r\000g\000a\000n\000i\000z\000a\000t\000i\000o\000n}{section.1}% 8
\BOOKMARK [2][-]{subsection.1.6}{\376\377\000E\000x\000p\000e\000r\000i\000m\000e\000n\000t\000a\000l\000\040\000E\000n\000v\000i\000r\000o\000n\000m\000e\000n\000t}{section.1}% 9
\BOOKMARK [1][-]{section.2}{\376\377\000E\000x\000e\000c\000u\000t\000i\000v\000e\000\040\000S\000u\000m\000m\000a\000r\000y}{}% 10
\BOOKMARK [2][-]{subsection.2.1}{\376\377\000P\000e\000r\000f\000o\000r\000m\000a\000n\000c\000e\000\040\000H\000i\000g\000h\000l\000i\000g\000h\000t\000s}{section.2}% 11
\BOOKMARK [1][-]{section.3}{\376\377\000R\000e\000a\000l\000-\000T\000i\000m\000e\000\040\000P\000e\000r\000f\000o\000r\000m\000a\000n\000c\000e\000\040\000A\000n\000a\000l\000y\000s\000i\000s}{}% 12
\BOOKMARK [2][-]{subsection.3.1}{\376\377\000F\000r\000a\000m\000e\000\040\000P\000r\000o\000c\000e\000s\000s\000i\000n\000g\000\040\000P\000e\000r\000f\000o\000r\000m\000a\000n\000c\000e}{section.3}% 13
\BOOKMARK [3][-]{subsubsection.3.1.1}{\376\377\000P\000r\000o\000c\000e\000s\000s\000i\000n\000g\000\040\000R\000a\000t\000e\000\040\000A\000n\000a\000l\000y\000s\000i\000s}{subsection.3.1}% 14
\BOOKMARK [3][-]{subsubsection.3.1.2}{\376\377\000P\000e\000r\000f\000o\000r\000m\000a\000n\000c\000e\000\040\000U\000n\000d\000e\000r\000\040\000L\000o\000a\000d}{subsection.3.1}% 15
\BOOKMARK [1][-]{section.4}{\376\377\000M\000u\000l\000t\000i\000-\000C\000o\000n\000s\000t\000r\000a\000i\000n\000t\000\040\000S\000c\000h\000e\000d\000u\000l\000i\000n\000g\000\040\000P\000e\000r\000f\000o\000r\000m\000a\000n\000c\000e}{}% 16
\BOOKMARK [2][-]{subsection.4.1}{\376\377\000I\000n\000t\000e\000g\000r\000a\000t\000e\000d\000\040\000C\000o\000n\000s\000t\000r\000a\000i\000n\000t\000\040\000O\000p\000t\000i\000m\000i\000z\000a\000t\000i\000o\000n}{section.4}% 17
\BOOKMARK [3][-]{subsubsection.4.1.1}{\376\377\000E\000n\000e\000r\000g\000y\000\040\000O\000p\000t\000i\000m\000i\000z\000a\000t\000i\000o\000n\000\040\000R\000e\000s\000u\000l\000t\000s}{subsection.4.1}% 18
\BOOKMARK [3][-]{subsubsection.4.1.2}{\376\377\000N\000e\000t\000w\000o\000r\000k\000\040\000Q\000u\000a\000l\000i\000t\000y\000\040\000A\000d\000a\000p\000t\000a\000t\000i\000o\000n}{subsection.4.1}% 19
\BOOKMARK [3][-]{subsubsection.4.1.3}{\376\377\000T\000a\000s\000k\000\040\000P\000r\000i\000o\000r\000i\000t\000y\000\040\000M\000a\000n\000a\000g\000e\000m\000e\000n\000t}{subsection.4.1}% 20
\BOOKMARK [1][-]{section.5}{\376\377\000A\000n\000o\000m\000a\000l\000y\000\040\000D\000e\000t\000e\000c\000t\000i\000o\000n\000\040\000a\000n\000d\000\040\000T\000r\000a\000n\000s\000m\000i\000s\000s\000i\000o\000n\000\040\000E\000f\000f\000i\000c\000i\000e\000n\000c\000y}{}% 21
\BOOKMARK [2][-]{subsection.5.1}{\376\377\000I\000n\000t\000e\000l\000l\000i\000g\000e\000n\000t\000\040\000D\000a\000t\000a\000\040\000F\000i\000l\000t\000e\000r\000i\000n\000g}{section.5}% 22
\BOOKMARK [3][-]{subsubsection.5.1.1}{\376\377\000B\000a\000n\000d\000w\000i\000d\000t\000h\000\040\000R\000e\000d\000u\000c\000t\000i\000o\000n\000\040\000A\000n\000a\000l\000y\000s\000i\000s}{subsection.5.1}% 23
\BOOKMARK [3][-]{subsubsection.5.1.2}{\376\377\000A\000n\000o\000m\000a\000l\000y\000\040\000D\000e\000t\000e\000c\000t\000i\000o\000n\000\040\000P\000e\000r\000f\000o\000r\000m\000a\000n\000c\000e}{subsection.5.1}% 24
\BOOKMARK [3][-]{subsubsection.5.1.3}{\376\377\000T\000r\000a\000f\000f\000i\000c\000\040\000A\000n\000o\000m\000a\000l\000y\000\040\000C\000a\000s\000e\000\040\000S\000t\000u\000d\000y}{subsection.5.1}% 25
\BOOKMARK [1][-]{section.6}{\376\377\000C\000o\000l\000l\000a\000b\000o\000r\000a\000t\000i\000v\000e\000\040\000C\000o\000n\000s\000e\000n\000s\000u\000s\000\040\000P\000r\000o\000t\000o\000c\000o\000l\000s}{}% 26
\BOOKMARK [2][-]{subsection.6.1}{\376\377\000D\000e\000v\000i\000c\000e\000\040\000C\000o\000o\000r\000d\000i\000n\000a\000t\000i\000o\000n\000\040\000E\000f\000f\000i\000c\000i\000e\000n\000c\000y}{section.6}% 27
\BOOKMARK [3][-]{subsubsection.6.1.1}{\376\377\000M\000u\000l\000t\000i\000-\000C\000a\000m\000e\000r\000a\000\040\000C\000o\000o\000r\000d\000i\000n\000a\000t\000i\000o\000n}{subsection.6.1}% 28
\BOOKMARK [3][-]{subsubsection.6.1.2}{\376\377\000C\000o\000n\000s\000e\000n\000s\000u\000s\000\040\000A\000l\000g\000o\000r\000i\000t\000h\000m\000\040\000P\000e\000r\000f\000o\000r\000m\000a\000n\000c\000e}{subsection.6.1}% 29
\BOOKMARK [3][-]{subsubsection.6.1.3}{\376\377\000R\000e\000s\000o\000u\000r\000c\000e\000\040\000S\000h\000a\000r\000i\000n\000g\000\040\000E\000f\000f\000i\000c\000i\000e\000n\000c\000y}{subsection.6.1}% 30
\BOOKMARK [1][-]{section.7}{\376\377\000T\000r\000a\000f\000f\000i\000c\000\040\000S\000i\000m\000u\000l\000a\000t\000i\000o\000n\000\040\000R\000e\000s\000u\000l\000t\000s}{}% 31
\BOOKMARK [2][-]{subsection.7.1}{\376\377\000I\000n\000t\000e\000r\000s\000e\000c\000t\000i\000o\000n\000\040\000M\000o\000n\000i\000t\000o\000r\000i\000n\000g\000\040\000P\000e\000r\000f\000o\000r\000m\000a\000n\000c\000e}{section.7}% 32
\BOOKMARK [3][-]{subsubsection.7.1.1}{\376\377\000V\000e\000h\000i\000c\000l\000e\000\040\000D\000e\000t\000e\000c\000t\000i\000o\000n\000\040\000a\000n\000d\000\040\000T\000r\000a\000c\000k\000i\000n\000g}{subsection.7.1}% 33
\BOOKMARK [3][-]{subsubsection.7.1.2}{\376\377\000P\000r\000o\000g\000r\000e\000s\000s\000i\000v\000e\000\040\000T\000r\000a\000f\000f\000i\000c\000\040\000A\000n\000a\000l\000y\000s\000i\000s}{subsection.7.1}% 34
\BOOKMARK [3][-]{subsubsection.7.1.3}{\376\377\000Q\000u\000e\000u\000e\000\040\000D\000e\000t\000e\000c\000t\000i\000o\000n\000\040\000A\000n\000a\000l\000y\000s\000i\000s}{subsection.7.1}% 35
\BOOKMARK [1][-]{section.8}{\376\377\000S\000y\000s\000t\000e\000m\000\040\000S\000c\000a\000l\000a\000b\000i\000l\000i\000t\000y\000\040\000A\000n\000a\000l\000y\000s\000i\000s}{}% 36
\BOOKMARK [2][-]{subsection.8.1}{\376\377\000R\000e\000s\000o\000u\000r\000c\000e\000\040\000U\000t\000i\000l\000i\000z\000a\000t\000i\000o\000n\000\040\000U\000n\000d\000e\000r\000\040\000L\000o\000a\000d}{section.8}% 37
\BOOKMARK [3][-]{subsubsection.8.1.1}{\376\377\000M\000e\000m\000o\000r\000y\000\040\000a\000n\000d\000\040\000C\000P\000U\000\040\000P\000e\000r\000f\000o\000r\000m\000a\000n\000c\000e}{subsection.8.1}% 38
\BOOKMARK [3][-]{subsubsection.8.1.2}{\376\377\000P\000e\000r\000f\000o\000r\000m\000a\000n\000c\000e\000\040\000S\000c\000a\000l\000i\000n\000g\000\040\000A\000n\000a\000l\000y\000s\000i\000s}{subsection.8.1}% 39
\BOOKMARK [1][-]{section.9}{\376\377\000C\000o\000m\000p\000a\000r\000a\000t\000i\000v\000e\000\040\000P\000e\000r\000f\000o\000r\000m\000a\000n\000c\000e\000\040\000A\000n\000a\000l\000y\000s\000i\000s}{}% 40
\BOOKMARK [2][-]{subsection.9.1}{\376\377\000E\000D\000G\000E\000-\000Q\000I\000\040\000v\000s\000\040\000B\000a\000s\000e\000l\000i\000n\000e\000\040\000A\000p\000p\000r\000o\000a\000c\000h\000e\000s}{section.9}% 41
\BOOKMARK [3][-]{subsubsection.9.1.1}{\376\377\000P\000e\000r\000f\000o\000r\000m\000a\000n\000c\000e\000\040\000A\000d\000v\000a\000n\000t\000a\000g\000e\000\040\000A\000n\000a\000l\000y\000s\000i\000s}{subsection.9.1}% 42
\BOOKMARK [3][-]{subsubsection.9.1.2}{\376\377\000F\000e\000a\000t\000u\000r\000e\000\040\000C\000o\000m\000p\000a\000r\000i\000s\000o\000n\000\040\000M\000a\000t\000r\000i\000x}{subsection.9.1}% 43
\BOOKMARK [1][-]{section.10}{\376\377\000S\000y\000s\000t\000e\000m\000\040\000A\000r\000c\000h\000i\000t\000e\000c\000t\000u\000r\000e\000\040\000a\000n\000d\000\040\000I\000m\000p\000l\000e\000m\000e\000n\000t\000a\000t\000i\000o\000n}{}% 44
\BOOKMARK [2][-]{subsection.10.1}{\376\377\000M\000o\000d\000u\000l\000a\000r\000\040\000A\000r\000c\000h\000i\000t\000e\000c\000t\000u\000r\000e\000\040\000D\000e\000s\000i\000g\000n}{section.10}% 45
\BOOKMARK [3][-]{subsubsection.10.1.1}{\376\377\000A\000r\000c\000h\000i\000t\000e\000c\000t\000u\000r\000e\000\040\000L\000a\000y\000e\000r\000\040\000A\000n\000a\000l\000y\000s\000i\000s}{subsection.10.1}% 46
\BOOKMARK [3][-]{subsubsection.10.1.2}{\376\377\000I\000m\000p\000l\000e\000m\000e\000n\000t\000a\000t\000i\000o\000n\000\040\000T\000e\000c\000h\000n\000o\000l\000o\000g\000i\000e\000s}{subsection.10.1}% 47
\BOOKMARK [3][-]{subsubsection.10.1.3}{\376\377\000D\000e\000p\000l\000o\000y\000m\000e\000n\000t\000\040\000R\000e\000a\000d\000i\000n\000e\000s\000s}{subsection.10.1}% 48
\BOOKMARK [1][-]{section.11}{\376\377\000C\000o\000n\000c\000l\000u\000s\000i\000o\000n\000s\000\040\000a\000n\000d\000\040\000I\000m\000p\000a\000c\000t\000\040\000A\000n\000a\000l\000y\000s\000i\000s}{}% 49
\BOOKMARK [2][-]{subsection.11.1}{\376\377\000S\000u\000m\000m\000a\000r\000y\000\040\000o\000f\000\040\000A\000c\000h\000i\000e\000v\000e\000m\000e\000n\000t\000s}{section.11}% 50
\BOOKMARK [2][-]{subsection.11.2}{\376\377\000S\000c\000i\000e\000n\000t\000i\000f\000i\000c\000\040\000I\000m\000p\000a\000c\000t}{section.11}% 51
\BOOKMARK [3][-]{subsubsection.11.2.1}{\376\377\000R\000e\000s\000e\000a\000r\000c\000h\000\040\000C\000o\000n\000t\000r\000i\000b\000u\000t\000i\000o\000n\000s}{subsection.11.2}% 52
\BOOKMARK [3][-]{subsubsection.11.2.2}{\376\377\000P\000e\000r\000f\000o\000r\000m\000a\000n\000c\000e\000\040\000B\000e\000n\000c\000h\000m\000a\000r\000k\000s}{subsection.11.2}% 53
\BOOKMARK [2][-]{subsection.11.3}{\376\377\000P\000r\000a\000c\000t\000i\000c\000a\000l\000\040\000I\000m\000p\000a\000c\000t}{section.11}% 54
\BOOKMARK [3][-]{subsubsection.11.3.1}{\376\377\000D\000e\000p\000l\000o\000y\000m\000e\000n\000t\000\040\000R\000e\000a\000d\000i\000n\000e\000s\000s}{subsection.11.3}% 55
\BOOKMARK [3][-]{subsubsection.11.3.2}{\376\377\000S\000m\000a\000r\000t\000\040\000C\000i\000t\000y\000\040\000A\000p\000p\000l\000i\000c\000a\000t\000i\000o\000n\000s}{subsection.11.3}% 56
\BOOKMARK [2][-]{subsection.11.4}{\376\377\000L\000i\000m\000i\000t\000a\000t\000i\000o\000n\000s\000\040\000a\000n\000d\000\040\000F\000u\000t\000u\000r\000e\000\040\000R\000e\000s\000e\000a\000r\000c\000h}{section.11}% 57
\BOOKMARK [3][-]{subsubsection.11.4.1}{\376\377\000C\000u\000r\000r\000e\000n\000t\000\040\000L\000i\000m\000i\000t\000a\000t\000i\000o\000n\000s}{subsection.11.4}% 58
\BOOKMARK [3][-]{subsubsection.11.4.2}{\376\377\000F\000u\000t\000u\000r\000e\000\040\000R\000e\000s\000e\000a\000r\000c\000h\000\040\000D\000i\000r\000e\000c\000t\000i\000o\000n\000s}{subsection.11.4}% 59
\BOOKMARK [2][-]{subsection.11.5}{\376\377\000R\000e\000c\000o\000m\000m\000e\000n\000d\000a\000t\000i\000o\000n\000s\000\040\000f\000o\000r\000\040\000P\000r\000a\000c\000t\000i\000t\000i\000o\000n\000e\000r\000s}{section.11}% 60
\BOOKMARK [2][-]{subsection.11.6}{\376\377\000F\000i\000n\000a\000l\000\040\000R\000e\000m\000a\000r\000k\000s}{section.11}% 61
\BOOKMARK [1][-]{subsection.11.6}{\376\377\000A\000c\000k\000n\000o\000w\000l\000e\000d\000g\000m\000e\000n\000t\000s}{}% 62
\BOOKMARK [1][-]{subsection.11.6}{\376\377\000R\000e\000f\000e\000r\000e\000n\000c\000e\000s\000\040\000a\000n\000d\000\040\000R\000e\000s\000o\000u\000r\000c\000e\000s}{}% 63
